<?xml version="1.0" encoding="UTF-8" standalone="no"?><testsuite errors="3" failures="0" name="CP-01 - Validar funcionalidades de Chatbox IA Tritibot" skipped="0" tests="3" time="484.62" timestamp="2024-07-25 11:13:29"><testcase name="1- Validar con credenciales correctas"><error message="The following error occurred: Reached error page: about:neterror?e=netTimeout&amp;u=https%3A//qa-assistant-ia.3it.cl/&amp;c=UTF-8&amp;d=The%20server%20at%20qa-assistant-ia.3it.cl%20is%20taking%20too%20long%20to%20respond.&#10;Build info: version: '4.19.0', revision: '5f9cec8963'&#10;System info: os.name: 'Mac OS X', os.arch: 'x86_64', os.version: '14.5', java.version: '17.0.10'&#10;Driver info: org.openqa.selenium.firefox.FirefoxDriver&#10;Command: [34479f8f-c250-4e57-b4e0-7ad12d97f4c4, get {url=https://qa-assistant-ia.3it.cl/}]&#10;Capabilities {acceptInsecureCerts: false, browserName: firefox, browserVersion: 128.0.2, moz:accessibilityChecks: false, moz:buildID: 20240722223746, moz:debuggerAddress: 127.0.0.1:14827, moz:geckodriverVersion: 0.34.0, moz:headless: false, moz:platformVersion: 23.5.0, moz:processID: 3682, moz:profile: /var/folders/sj/sr15smy93b7..., moz:shutdownTimeout: 60000, moz:webdriverClick: true, moz:windowless: false, pageLoadStrategy: normal, platformName: mac, proxy: Proxy(), se:cdp: ws://127.0.0.1:14827/devtoo..., se:cdpVersion: 85.0, setWindowRect: true, strictFileInteractability: false, timeouts: {implicit: 0, pageLoad: 300000, script: 30000}, unhandledPromptBehavior: dismiss and notify, userAgent: Mozilla/5.0 (Macintosh; Int...}&#10;Session ID: 34479f8f-c250-4e57-b4e0-7ad12d97f4c4" type="org.openqa.selenium.WebDriverException">The following error occurred: Reached error page: about:neterror?e=netTimeout&amp;u=https%3A//qa-assistant-ia.3it.cl/&amp;c=UTF-8&amp;d=The%20server%20at%20qa-assistant-ia.3it.cl%20is%20taking%20too%20long%20to%20respond.
Build info: version: '4.19.0', revision: '5f9cec8963'
System info: os.name: 'Mac OS X', os.arch: 'x86_64', os.version: '14.5', java.version: '17.0.10'
Driver info: org.openqa.selenium.firefox.FirefoxDriver
Command: [34479f8f-c250-4e57-b4e0-7ad12d97f4c4, get {url=https://qa-assistant-ia.3it.cl/}]
Capabilities {acceptInsecureCerts: false, browserName: firefox, browserVersion: 128.0.2, moz:accessibilityChecks: false, moz:buildID: 20240722223746, moz:debuggerAddress: 127.0.0.1:14827, moz:geckodriverVersion: 0.34.0, moz:headless: false, moz:platformVersion: 23.5.0, moz:processID: 3682, moz:profile: /var/folders/sj/sr15smy93b7..., moz:shutdownTimeout: 60000, moz:webdriverClick: true, moz:windowless: false, pageLoadStrategy: normal, platformName: mac, proxy: Proxy(), se:cdp: ws://127.0.0.1:14827/devtoo..., se:cdpVersion: 85.0, setWindowRect: true, strictFileInteractability: false, timeouts: {implicit: 0, pageLoad: 300000, script: 30000}, unhandledPromptBehavior: dismiss and notify, userAgent: Mozilla/5.0 (Macintosh; Int...}
Session ID: 34479f8f-c250-4e57-b4e0-7ad12d97f4c4</error><system-err>The following error occurred: Reached error page: about:neterror?e=netTimeout&amp;u=https%3A//qa-assistant-ia.3it.cl/&amp;c=UTF-8&amp;d=The%20server%20at%20qa-assistant-ia.3it.cl%20is%20taking%20too%20long%20to%20respond.
Build info: version: '4.19.0', revision: '5f9cec8963'
System info: os.name: 'Mac OS X', os.arch: 'x86_64', os.version: '14.5', java.version: '17.0.10'
Driver info: org.openqa.selenium.firefox.FirefoxDriver
Command: [34479f8f-c250-4e57-b4e0-7ad12d97f4c4, get {url=https://qa-assistant-ia.3it.cl/}]
Capabilities {acceptInsecureCerts: false, browserName: firefox, browserVersion: 128.0.2, moz:accessibilityChecks: false, moz:buildID: 20240722223746, moz:debuggerAddress: 127.0.0.1:14827, moz:geckodriverVersion: 0.34.0, moz:headless: false, moz:platformVersion: 23.5.0, moz:processID: 3682, moz:profile: /var/folders/sj/sr15smy93b7..., moz:shutdownTimeout: 60000, moz:webdriverClick: true, moz:windowless: false, pageLoadStrategy: normal, platformName: mac, proxy: Proxy(), se:cdp: ws://127.0.0.1:14827/devtoo..., se:cdpVersion: 85.0, setWindowRect: true, strictFileInteractability: false, timeouts: {implicit: 0, pageLoad: 300000, script: 30000}, unhandledPromptBehavior: dismiss and notify, userAgent: Mozilla/5.0 (Macintosh; Int...}
Session ID: 34479f8f-c250-4e57-b4e0-7ad12d97f4c4
com.tresit.cl.utilities.website.WebSite.navigateTo(WebSite.java:14)
com.tresit.cl.definitions.chatboxIA.chatboxDef.userNavigateTo(chatboxDef.java:29)
</system-err></testcase><testcase name="2- Validar credenciales incorrectas de correo electronico"><error message="The following error occurred: Reached error page: about:neterror?e=netTimeout&amp;u=https%3A//qa-assistant-ia.3it.cl/&amp;c=UTF-8&amp;d=The%20server%20at%20qa-assistant-ia.3it.cl%20is%20taking%20too%20long%20to%20respond.&#10;Build info: version: '4.19.0', revision: '5f9cec8963'&#10;System info: os.name: 'Mac OS X', os.arch: 'x86_64', os.version: '14.5', java.version: '17.0.10'&#10;Driver info: org.openqa.selenium.firefox.FirefoxDriver&#10;Command: [560c2e99-79c7-487f-93bd-bc19912a0c67, get {url=https://qa-assistant-ia.3it.cl/}]&#10;Capabilities {acceptInsecureCerts: false, browserName: firefox, browserVersion: 128.0.2, moz:accessibilityChecks: false, moz:buildID: 20240722223746, moz:debuggerAddress: 127.0.0.1:15579, moz:geckodriverVersion: 0.34.0, moz:headless: false, moz:platformVersion: 23.5.0, moz:processID: 3846, moz:profile: /var/folders/sj/sr15smy93b7..., moz:shutdownTimeout: 60000, moz:webdriverClick: true, moz:windowless: false, pageLoadStrategy: normal, platformName: mac, proxy: Proxy(), se:cdp: ws://127.0.0.1:15579/devtoo..., se:cdpVersion: 85.0, setWindowRect: true, strictFileInteractability: false, timeouts: {implicit: 0, pageLoad: 300000, script: 30000}, unhandledPromptBehavior: dismiss and notify, userAgent: Mozilla/5.0 (Macintosh; Int...}&#10;Session ID: 560c2e99-79c7-487f-93bd-bc19912a0c67" type="org.openqa.selenium.WebDriverException">The following error occurred: Reached error page: about:neterror?e=netTimeout&amp;u=https%3A//qa-assistant-ia.3it.cl/&amp;c=UTF-8&amp;d=The%20server%20at%20qa-assistant-ia.3it.cl%20is%20taking%20too%20long%20to%20respond.
Build info: version: '4.19.0', revision: '5f9cec8963'
System info: os.name: 'Mac OS X', os.arch: 'x86_64', os.version: '14.5', java.version: '17.0.10'
Driver info: org.openqa.selenium.firefox.FirefoxDriver
Command: [560c2e99-79c7-487f-93bd-bc19912a0c67, get {url=https://qa-assistant-ia.3it.cl/}]
Capabilities {acceptInsecureCerts: false, browserName: firefox, browserVersion: 128.0.2, moz:accessibilityChecks: false, moz:buildID: 20240722223746, moz:debuggerAddress: 127.0.0.1:15579, moz:geckodriverVersion: 0.34.0, moz:headless: false, moz:platformVersion: 23.5.0, moz:processID: 3846, moz:profile: /var/folders/sj/sr15smy93b7..., moz:shutdownTimeout: 60000, moz:webdriverClick: true, moz:windowless: false, pageLoadStrategy: normal, platformName: mac, proxy: Proxy(), se:cdp: ws://127.0.0.1:15579/devtoo..., se:cdpVersion: 85.0, setWindowRect: true, strictFileInteractability: false, timeouts: {implicit: 0, pageLoad: 300000, script: 30000}, unhandledPromptBehavior: dismiss and notify, userAgent: Mozilla/5.0 (Macintosh; Int...}
Session ID: 560c2e99-79c7-487f-93bd-bc19912a0c67</error><system-err>The following error occurred: Reached error page: about:neterror?e=netTimeout&amp;u=https%3A//qa-assistant-ia.3it.cl/&amp;c=UTF-8&amp;d=The%20server%20at%20qa-assistant-ia.3it.cl%20is%20taking%20too%20long%20to%20respond.
Build info: version: '4.19.0', revision: '5f9cec8963'
System info: os.name: 'Mac OS X', os.arch: 'x86_64', os.version: '14.5', java.version: '17.0.10'
Driver info: org.openqa.selenium.firefox.FirefoxDriver
Command: [560c2e99-79c7-487f-93bd-bc19912a0c67, get {url=https://qa-assistant-ia.3it.cl/}]
Capabilities {acceptInsecureCerts: false, browserName: firefox, browserVersion: 128.0.2, moz:accessibilityChecks: false, moz:buildID: 20240722223746, moz:debuggerAddress: 127.0.0.1:15579, moz:geckodriverVersion: 0.34.0, moz:headless: false, moz:platformVersion: 23.5.0, moz:processID: 3846, moz:profile: /var/folders/sj/sr15smy93b7..., moz:shutdownTimeout: 60000, moz:webdriverClick: true, moz:windowless: false, pageLoadStrategy: normal, platformName: mac, proxy: Proxy(), se:cdp: ws://127.0.0.1:15579/devtoo..., se:cdpVersion: 85.0, setWindowRect: true, strictFileInteractability: false, timeouts: {implicit: 0, pageLoad: 300000, script: 30000}, unhandledPromptBehavior: dismiss and notify, userAgent: Mozilla/5.0 (Macintosh; Int...}
Session ID: 560c2e99-79c7-487f-93bd-bc19912a0c67
com.tresit.cl.utilities.website.WebSite.navigateTo(WebSite.java:14)
com.tresit.cl.definitions.chatboxIA.chatboxDef.loginWithInvalidCredentials(chatboxDef.java:55)
</system-err></testcase><testcase name="3- Realizar preguntas a IA"><error message="The following error occurred: Reached error page: about:neterror?e=netTimeout&amp;u=https%3A//qa-assistant-ia.3it.cl/&amp;c=UTF-8&amp;d=The%20server%20at%20qa-assistant-ia.3it.cl%20is%20taking%20too%20long%20to%20respond.&#10;Build info: version: '4.19.0', revision: '5f9cec8963'&#10;System info: os.name: 'Mac OS X', os.arch: 'x86_64', os.version: '14.5', java.version: '17.0.10'&#10;Driver info: org.openqa.selenium.firefox.FirefoxDriver&#10;Command: [369873ce-d66c-4b3c-a0b3-6b744752ffb0, get {url=https://qa-assistant-ia.3it.cl/}]&#10;Capabilities {acceptInsecureCerts: false, browserName: firefox, browserVersion: 128.0.2, moz:accessibilityChecks: false, moz:buildID: 20240722223746, moz:debuggerAddress: 127.0.0.1:43038, moz:geckodriverVersion: 0.34.0, moz:headless: false, moz:platformVersion: 23.5.0, moz:processID: 3875, moz:profile: /var/folders/sj/sr15smy93b7..., moz:shutdownTimeout: 60000, moz:webdriverClick: true, moz:windowless: false, pageLoadStrategy: normal, platformName: mac, proxy: Proxy(), se:cdp: ws://127.0.0.1:43038/devtoo..., se:cdpVersion: 85.0, setWindowRect: true, strictFileInteractability: false, timeouts: {implicit: 0, pageLoad: 300000, script: 30000}, unhandledPromptBehavior: dismiss and notify, userAgent: Mozilla/5.0 (Macintosh; Int...}&#10;Session ID: 369873ce-d66c-4b3c-a0b3-6b744752ffb0" type="org.openqa.selenium.WebDriverException">The following error occurred: Reached error page: about:neterror?e=netTimeout&amp;u=https%3A//qa-assistant-ia.3it.cl/&amp;c=UTF-8&amp;d=The%20server%20at%20qa-assistant-ia.3it.cl%20is%20taking%20too%20long%20to%20respond.
Build info: version: '4.19.0', revision: '5f9cec8963'
System info: os.name: 'Mac OS X', os.arch: 'x86_64', os.version: '14.5', java.version: '17.0.10'
Driver info: org.openqa.selenium.firefox.FirefoxDriver
Command: [369873ce-d66c-4b3c-a0b3-6b744752ffb0, get {url=https://qa-assistant-ia.3it.cl/}]
Capabilities {acceptInsecureCerts: false, browserName: firefox, browserVersion: 128.0.2, moz:accessibilityChecks: false, moz:buildID: 20240722223746, moz:debuggerAddress: 127.0.0.1:43038, moz:geckodriverVersion: 0.34.0, moz:headless: false, moz:platformVersion: 23.5.0, moz:processID: 3875, moz:profile: /var/folders/sj/sr15smy93b7..., moz:shutdownTimeout: 60000, moz:webdriverClick: true, moz:windowless: false, pageLoadStrategy: normal, platformName: mac, proxy: Proxy(), se:cdp: ws://127.0.0.1:43038/devtoo..., se:cdpVersion: 85.0, setWindowRect: true, strictFileInteractability: false, timeouts: {implicit: 0, pageLoad: 300000, script: 30000}, unhandledPromptBehavior: dismiss and notify, userAgent: Mozilla/5.0 (Macintosh; Int...}
Session ID: 369873ce-d66c-4b3c-a0b3-6b744752ffb0</error><system-err>The following error occurred: Reached error page: about:neterror?e=netTimeout&amp;u=https%3A//qa-assistant-ia.3it.cl/&amp;c=UTF-8&amp;d=The%20server%20at%20qa-assistant-ia.3it.cl%20is%20taking%20too%20long%20to%20respond.
Build info: version: '4.19.0', revision: '5f9cec8963'
System info: os.name: 'Mac OS X', os.arch: 'x86_64', os.version: '14.5', java.version: '17.0.10'
Driver info: org.openqa.selenium.firefox.FirefoxDriver
Command: [369873ce-d66c-4b3c-a0b3-6b744752ffb0, get {url=https://qa-assistant-ia.3it.cl/}]
Capabilities {acceptInsecureCerts: false, browserName: firefox, browserVersion: 128.0.2, moz:accessibilityChecks: false, moz:buildID: 20240722223746, moz:debuggerAddress: 127.0.0.1:43038, moz:geckodriverVersion: 0.34.0, moz:headless: false, moz:platformVersion: 23.5.0, moz:processID: 3875, moz:profile: /var/folders/sj/sr15smy93b7..., moz:shutdownTimeout: 60000, moz:webdriverClick: true, moz:windowless: false, pageLoadStrategy: normal, platformName: mac, proxy: Proxy(), se:cdp: ws://127.0.0.1:43038/devtoo..., se:cdpVersion: 85.0, setWindowRect: true, strictFileInteractability: false, timeouts: {implicit: 0, pageLoad: 300000, script: 30000}, unhandledPromptBehavior: dismiss and notify, userAgent: Mozilla/5.0 (Macintosh; Int...}
Session ID: 369873ce-d66c-4b3c-a0b3-6b744752ffb0
com.tresit.cl.utilities.website.WebSite.navigateTo(WebSite.java:14)
com.tresit.cl.definitions.chatboxIA.chatboxDef.userNavigateTo(chatboxDef.java:29)
com.tresit.cl.definitions.chatboxIA.chatboxDef.sucessfulLogin(chatboxDef.java:93)
</system-err></testcase></testsuite>